
        Can't find a suitable configuration file in this directory or any
        parent. Are you in the right directory?

        Supported filenames: docker-compose.yml, docker-compose.yaml
        

        Can't find a suitable configuration file in this directory or any
        parent. Are you in the right directory?

        Supported filenames: docker-compose.yml, docker-compose.yaml
        
Error response from daemon: a prune operation is already running
Total reclaimed space: 0B

        Can't find a suitable configuration file in this directory or any
        parent. Are you in the right directory?

        Supported filenames: docker-compose.yml, docker-compose.yaml
        

        Can't find a suitable configuration file in this directory or any
        parent. Are you in the right directory?

        Supported filenames: docker-compose.yml, docker-compose.yaml
        
Error response from daemon: a prune operation is already running
Total reclaimed space: 0B

        Can't find a suitable configuration file in this directory or any
        parent. Are you in the right directory?

        Supported filenames: docker-compose.yml, docker-compose.yaml
        

        Can't find a suitable configuration file in this directory or any
        parent. Are you in the right directory?

        Supported filenames: docker-compose.yml, docker-compose.yaml
        
Error response from daemon: a prune operation is already running
Total reclaimed space: 0B

        Can't find a suitable configuration file in this directory or any
        parent. Are you in the right directory?

        Supported filenames: docker-compose.yml, docker-compose.yaml
        

        Can't find a suitable configuration file in this directory or any
        parent. Are you in the right directory?

        Supported filenames: docker-compose.yml, docker-compose.yaml
        
Error response from daemon: a prune operation is already running
Total reclaimed space: 0B

        Can't find a suitable configuration file in this directory or any
        parent. Are you in the right directory?

        Supported filenames: docker-compose.yml, docker-compose.yaml
        

        Can't find a suitable configuration file in this directory or any
        parent. Are you in the right directory?

        Supported filenames: docker-compose.yml, docker-compose.yaml
        
Error response from daemon: a prune operation is already running
Total reclaimed space: 0B

        Can't find a suitable configuration file in this directory or any
        parent. Are you in the right directory?

        Supported filenames: docker-compose.yml, docker-compose.yaml
        

        Can't find a suitable configuration file in this directory or any
        parent. Are you in the right directory?

        Supported filenames: docker-compose.yml, docker-compose.yaml
        
Error response from daemon: a prune operation is already running
Total reclaimed space: 0B

        Can't find a suitable configuration file in this directory or any
        parent. Are you in the right directory?

        Supported filenames: docker-compose.yml, docker-compose.yaml
        

        Can't find a suitable configuration file in this directory or any
        parent. Are you in the right directory?

        Supported filenames: docker-compose.yml, docker-compose.yaml
        
Error response from daemon: a prune operation is already running
Total reclaimed space: 0B

        Can't find a suitable configuration file in this directory or any
        parent. Are you in the right directory?

        Supported filenames: docker-compose.yml, docker-compose.yaml
        

        Can't find a suitable configuration file in this directory or any
        parent. Are you in the right directory?

        Supported filenames: docker-compose.yml, docker-compose.yaml
        
Error response from daemon: a prune operation is already running
Total reclaimed space: 0B

        Can't find a suitable configuration file in this directory or any
        parent. Are you in the right directory?

        Supported filenames: docker-compose.yml, docker-compose.yaml
        

        Can't find a suitable configuration file in this directory or any
        parent. Are you in the right directory?

        Supported filenames: docker-compose.yml, docker-compose.yaml
        
Error response from daemon: a prune operation is already running
Total reclaimed space: 0B

        Can't find a suitable configuration file in this directory or any
        parent. Are you in the right directory?

        Supported filenames: docker-compose.yml, docker-compose.yaml
        

        Can't find a suitable configuration file in this directory or any
        parent. Are you in the right directory?

        Supported filenames: docker-compose.yml, docker-compose.yaml
        
Error response from daemon: a prune operation is already running
Total reclaimed space: 0B

        Can't find a suitable configuration file in this directory or any
        parent. Are you in the right directory?

        Supported filenames: docker-compose.yml, docker-compose.yaml
        

        Can't find a suitable configuration file in this directory or any
        parent. Are you in the right directory?

        Supported filenames: docker-compose.yml, docker-compose.yaml
        
Error response from daemon: a prune operation is already running
Total reclaimed space: 0B

        Can't find a suitable configuration file in this directory or any
        parent. Are you in the right directory?

        Supported filenames: docker-compose.yml, docker-compose.yaml
        

        Can't find a suitable configuration file in this directory or any
        parent. Are you in the right directory?

        Supported filenames: docker-compose.yml, docker-compose.yaml
        
Error response from daemon: a prune operation is already running
Total reclaimed space: 0B

        Can't find a suitable configuration file in this directory or any
        parent. Are you in the right directory?

        Supported filenames: docker-compose.yml, docker-compose.yaml
        

        Can't find a suitable configuration file in this directory or any
        parent. Are you in the right directory?

        Supported filenames: docker-compose.yml, docker-compose.yaml
        
Error response from daemon: a prune operation is already running
Total reclaimed space: 0B

        Can't find a suitable configuration file in this directory or any
        parent. Are you in the right directory?

        Supported filenames: docker-compose.yml, docker-compose.yaml
        
Total reclaimed space: 0B

        Can't find a suitable configuration file in this directory or any
        parent. Are you in the right directory?

        Supported filenames: docker-compose.yml, docker-compose.yaml
        
Total reclaimed space: 0B
/bin/sh: 1: ads: not found

        Can't find a suitable configuration file in this directory or any
        parent. Are you in the right directory?

        Supported filenames: docker-compose.yml, docker-compose.yaml
        
Total reclaimed space: 0B
cat
certbot_dependencies.sh
certificate_install.sh
certificate_install.sh.old
certificate_renew.sh
cron.log
cron_test.sh
docker-compose_certs.yml
docker-compose_certs.yml.old
docker-compose_dependencies.sh
docker-compose_production.yml
docker-compose_staging.yml
docker-compose.yml
docker-compose.yml.old
etc
nginx-conf
production_install.sh
var
wordpress-lemps_install.sh
wordpress-lemps_install.sh.old
wordpress-lemps_stop.sh

        Can't find a suitable configuration file in this directory or any
        parent. Are you in the right directory?

        Supported filenames: docker-compose.yml, docker-compose.yaml
        
Total reclaimed space: 0B
cat
certbot_dependencies.sh
certificate_install.sh
certificate_install.sh.old
certificate_renew.sh
cron.log
cron_test.sh
docker-compose_certs.yml
docker-compose_certs.yml.old
docker-compose_dependencies.sh
docker-compose_production.yml
docker-compose_staging.yml
docker-compose.yml
docker-compose.yml.old
etc
nginx-conf
production_install.sh
var
wordpress-lemps_install.sh
wordpress-lemps_install.sh.old
wordpress-lemps_stop.sh

        Can't find a suitable configuration file in this directory or any
        parent. Are you in the right directory?

        Supported filenames: docker-compose.yml, docker-compose.yaml
        
Total reclaimed space: 0B
cat
certbot_dependencies.sh
certificate_install.sh
certificate_install.sh.old
certificate_renew.sh
cron.log
cron_test.sh
docker-compose_certs.yml
docker-compose_certs.yml.old
docker-compose_dependencies.sh
docker-compose_production.yml
docker-compose_staging.yml
docker-compose.yml
docker-compose.yml.old
etc
nginx-conf
production_install.sh
var
wordpress-lemps_install.sh
wordpress-lemps_install.sh.old
wordpress-lemps_stop.sh

        Can't find a suitable configuration file in this directory or any
        parent. Are you in the right directory?

        Supported filenames: docker-compose.yml, docker-compose.yaml
        
Total reclaimed space: 0B
cat
certbot_dependencies.sh
certificate_install.sh
certificate_install.sh.old
certificate_renew.sh
cron.log
cron_test.sh
docker-compose_certs.yml
docker-compose_certs.yml.old
docker-compose_dependencies.sh
docker-compose_production.yml
docker-compose_staging.yml
docker-compose.yml
docker-compose.yml.old
etc
nginx-conf
production_install.sh
var
wordpress-lemps_install.sh
wordpress-lemps_install.sh.old
wordpress-lemps_stop.sh

        Can't find a suitable configuration file in this directory or any
        parent. Are you in the right directory?

        Supported filenames: docker-compose.yml, docker-compose.yaml
        
Total reclaimed space: 0B
cat
certbot_dependencies.sh
certificate_install.sh
certificate_install.sh.old
certificate_renew.sh
cron.log
cron_test.sh
docker-compose_certs.yml
docker-compose_certs.yml.old
docker-compose_dependencies.sh
docker-compose_production.yml
docker-compose_staging.yml
docker-compose.yml
docker-compose.yml.old
etc
nginx-conf
production_install.sh
var
wordpress-lemps_install.sh
wordpress-lemps_install.sh.old
wordpress-lemps_stop.sh

        Can't find a suitable configuration file in this directory or any
        parent. Are you in the right directory?

        Supported filenames: docker-compose.yml, docker-compose.yaml
        
Total reclaimed space: 0B
cat
certbot_dependencies.sh
certificate_install.sh
certificate_install.sh.old
certificate_renew.sh
cron.log
cron_test.sh
docker-compose_certs.yml
docker-compose_certs.yml.old
docker-compose_dependencies.sh
docker-compose_production.yml
docker-compose_staging.yml
docker-compose.yml
docker-compose.yml.old
etc
nginx-conf
production_install.sh
var
wordpress-lemps_install.sh
wordpress-lemps_install.sh.old
wordpress-lemps_stop.sh

        Can't find a suitable configuration file in this directory or any
        parent. Are you in the right directory?

        Supported filenames: docker-compose.yml, docker-compose.yaml
        
Total reclaimed space: 0B
cat
certbot_dependencies.sh
certificate_install.sh
certificate_install.sh.old
certificate_renew.sh
cron.log
cron_test.sh
docker-compose_certs.yml
docker-compose_certs.yml.old
docker-compose_dependencies.sh
docker-compose_production.yml
docker-compose_staging.yml
docker-compose.yml
docker-compose.yml.old
etc
nginx-conf
production_install.sh
var
wordpress-lemps_install.sh
wordpress-lemps_install.sh.old
wordpress-lemps_stop.sh
Found orphan containers (wordpress-lemps_jobber_1) for this project. If you removed or renamed this service in your compose file, you can run this command with the --remove-orphans flag to clean it up.
Pulling certbot (certbot/certbot:)...
latest: Pulling from certbot/certbot
Digest: sha256:e3759608b7a9b558d6391af0aa3d1f4794f6ad04a4d6e1729b4a070dd879c0ec
Status: Downloaded newer image for certbot/certbot:latest
Creating wordpress-lemps_certbot_run ... 
Creating wordpress-lemps_certbot_run ... done
Saving debug log to /var/log/letsencrypt/letsencrypt.log

- - - - - - - - - - - - - - - - - - - - - - - - - - - - - - - - - - - - - - - -
Processing /etc/letsencrypt/renewal/systemdesignauthority.co.uk.conf
- - - - - - - - - - - - - - - - - - - - - - - - - - - - - - - - - - - - - - - -
Cert not due for renewal, but simulating renewal for dry run
Non-interactive renewal: random delay of 458.6559551349639 seconds
cat
certbot_dependencies.sh
certificate_install.sh
certificate_install.sh.old
certificate_renew.sh
cron.log
cron_test.sh
docker-compose_certs.yml
docker-compose_certs.yml.old
docker-compose_dependencies.sh
docker-compose_production.yml
docker-compose_staging.yml
docker-compose.yml
docker-compose.yml.old
etc
nginx-conf
production_install.sh
var
wordpress-lemps_install.sh
wordpress-lemps_install.sh.old
wordpress-lemps_stop.sh
Found orphan containers (wordpress-lemps_jobber_1) for this project. If you removed or renamed this service in your compose file, you can run this command with the --remove-orphans flag to clean it up.
Creating wordpress-lemps_certbot_run ... 
Creating wordpress-lemps_certbot_run ... done
Saving debug log to /var/log/letsencrypt/letsencrypt.log
Another instance of Certbot is already running.
Deleted Containers:
8a6a2a6016583f091918a1baa2c93ccce459ede120626013e17f9c46a75407e1

Total reclaimed space: 689.7kB
Found orphan containers (wordpress-lemps_jobber_1) for this project. If you removed or renamed this service in your compose file, you can run this command with the --remove-orphans flag to clean it up.
Creating wordpress-lemps_certbot_run ... 
Creating wordpress-lemps_certbot_run ... done
Saving debug log to /var/log/letsencrypt/letsencrypt.log
Another instance of Certbot is already running.
Deleted Containers:
0d782eed373dc4bb5f7c579a66b8601226405986708f1e2ce5fb9f287f522e4f

Total reclaimed space: 689.7kB
Found orphan containers (wordpress-lemps_jobber_1) for this project. If you removed or renamed this service in your compose file, you can run this command with the --remove-orphans flag to clean it up.
Creating wordpress-lemps_certbot_run ... 
Creating wordpress-lemps_certbot_run ... done
Saving debug log to /var/log/letsencrypt/letsencrypt.log
Another instance of Certbot is already running.
Deleted Containers:
7e15068d0108c585f255a49d4f678eecba3ef06b737ac9fac141a2540276b6f5

Total reclaimed space: 689.7kB
Found orphan containers (wordpress-lemps_jobber_1) for this project. If you removed or renamed this service in your compose file, you can run this command with the --remove-orphans flag to clean it up.
Creating wordpress-lemps_certbot_run ... 
Creating wordpress-lemps_certbot_run ... done
Saving debug log to /var/log/letsencrypt/letsencrypt.log
Another instance of Certbot is already running.
Deleted Containers:
1e233047f1d899d6254dd3c4f061910df3820aafc19c958bca837de213b51199

Total reclaimed space: 689.7kB
Found orphan containers (wordpress-lemps_jobber_1) for this project. If you removed or renamed this service in your compose file, you can run this command with the --remove-orphans flag to clean it up.
Creating wordpress-lemps_certbot_run ... 
Creating wordpress-lemps_certbot_run ... done
Saving debug log to /var/log/letsencrypt/letsencrypt.log
Another instance of Certbot is already running.
Deleted Containers:
6bd3df33b96dec3f8e218d87e5955608eb32b0172efab3f60cd2d65cbd26b34a

Total reclaimed space: 689.7kB
Found orphan containers (wordpress-lemps_jobber_1) for this project. If you removed or renamed this service in your compose file, you can run this command with the --remove-orphans flag to clean it up.
Creating wordpress-lemps_certbot_run ... 
Creating wordpress-lemps_certbot_run ... done
Saving debug log to /var/log/letsencrypt/letsencrypt.log
Another instance of Certbot is already running.
Deleted Containers:
da505e15af9b6e756ddb692cb1463018517bf344a6fe609b916d3cd6a5e043fb

Total reclaimed space: 689.7kB
Found orphan containers (wordpress-lemps_jobber_1) for this project. If you removed or renamed this service in your compose file, you can run this command with the --remove-orphans flag to clean it up.
Creating wordpress-lemps_certbot_run ... 
Creating wordpress-lemps_certbot_run ... done
Saving debug log to /var/log/letsencrypt/letsencrypt.log
Another instance of Certbot is already running.
Deleted Containers:
3f7a0fe9027bcf7ea34eb2c2ce055398f37b15052d9d2f108cab312cac440c6e

Total reclaimed space: 689.7kB
Plugins selected: Authenticator webroot, Installer None
Simulating renewal of an existing certificate for systemdesignauthority.co.uk and www.systemdesignauthority.co.uk
Performing the following challenges:
http-01 challenge for systemdesignauthority.co.uk
http-01 challenge for www.systemdesignauthority.co.uk
Using the webroot path /var/www/html for all unmatched domains.
Waiting for verification...
Cleaning up challenges

- - - - - - - - - - - - - - - - - - - - - - - - - - - - - - - - - - - - - - - -
new certificate deployed without reload, fullchain is
/etc/letsencrypt/live/systemdesignauthority.co.uk/fullchain.pem
- - - - - - - - - - - - - - - - - - - - - - - - - - - - - - - - - - - - - - - -

- - - - - - - - - - - - - - - - - - - - - - - - - - - - - - - - - - - - - - - -
Congratulations, all simulated renewals succeeded: 
  /etc/letsencrypt/live/systemdesignauthority.co.uk/fullchain.pem (success)
- - - - - - - - - - - - - - - - - - - - - - - - - - - - - - - - - - - - - - - -
Killing webserver ... 
Killing webserver ... done
Deleted Containers:
2931da60837084c6b202d0bac139a587b9d778af4283f2971ac69c4b5c2888b8

Deleted Images:
untagged: certbot/certbot:latest
untagged: certbot/certbot@sha256:e3759608b7a9b558d6391af0aa3d1f4794f6ad04a4d6e1729b4a070dd879c0ec
deleted: sha256:c8eac9ed295ea5500bea889950c2bda0c5e575295806088711685d91c8ddc43a
deleted: sha256:18cf33cc878a99732a1ef38d9423118d4b04a9f66bbe48925d305a840cf170ac
deleted: sha256:6808d5e29285a66809749f5dbccc1f57dbf3c9f71e1c874a1b38b0317b07d62d
deleted: sha256:debe360a493ad0fcd59d9e0ca716e2a1c7bbe898ce71ae3c65184d464635b9f1
deleted: sha256:535b6382fb6c56f0d119b6d38d678c25bf09405b5dc711192033b6309748b4f0
deleted: sha256:380c4a704e432f3e87d68edd5c771d55477541cad8f234e97f5531095fd3af86
deleted: sha256:013adc5321bb1aac7aa8f74329ff39594523da3aebe3abc9cf437b35f0b70784
deleted: sha256:facebb70488c1478621f95cb82a7d48c8da56ded26da9a5bb69224024a2af1ad
deleted: sha256:5236fb3bccaca35f04cbad8c02b09d4493cf4a098cf34cb5f77375bd1d2db2ce
deleted: sha256:5d5f10d89bda98519784ac30ba7639a2bbf8e80e58fddd9fbf11b8d3dfca2888
deleted: sha256:f90b48fc2d9094a69a1999418dd28cabfb3ec8dd009b13f5e91fc241bb270c9c
deleted: sha256:22420911be6023e949c2d988c330e83aecc30ef69320ac48aa9f97be8c5e955a
deleted: sha256:9a65b11119698a655b0246046d276fb2dda30694bc2b78fab897d74dce0d06b7
deleted: sha256:b0b9881431d721cee6e2a7f3465c2769e71a182699a519387460bca497262e69

Total reclaimed space: 357.5MB
Found orphan containers (wordpress-lemps_jobber_1) for this project. If you removed or renamed this service in your compose file, you can run this command with the --remove-orphans flag to clean it up.
Pulling certbot (certbot/certbot:)...
latest: Pulling from certbot/certbot
Digest: sha256:e3759608b7a9b558d6391af0aa3d1f4794f6ad04a4d6e1729b4a070dd879c0ec
Status: Downloaded newer image for certbot/certbot:latest
Creating wordpress-lemps_certbot_run ... 
Creating wordpress-lemps_certbot_run ... done
Saving debug log to /var/log/letsencrypt/letsencrypt.log

- - - - - - - - - - - - - - - - - - - - - - - - - - - - - - - - - - - - - - - -
Processing /etc/letsencrypt/renewal/systemdesignauthority.co.uk.conf
- - - - - - - - - - - - - - - - - - - - - - - - - - - - - - - - - - - - - - - -
Cert not due for renewal, but simulating renewal for dry run
Non-interactive renewal: random delay of 94.45117219410145 seconds
Found orphan containers (wordpress-lemps_jobber_1) for this project. If you removed or renamed this service in your compose file, you can run this command with the --remove-orphans flag to clean it up.
Creating wordpress-lemps_certbot_run ... 
Creating wordpress-lemps_certbot_run ... done
Saving debug log to /var/log/letsencrypt/letsencrypt.log
Another instance of Certbot is already running.
Deleted Containers:
9ecdb505600e2345daefbd58c3ae71892639d03cffd7d3649bd89484b114fcdd

Total reclaimed space: 689.7kB
Plugins selected: Authenticator webroot, Installer None
Simulating renewal of an existing certificate for systemdesignauthority.co.uk and www.systemdesignauthority.co.uk
Performing the following challenges:
http-01 challenge for systemdesignauthority.co.uk
http-01 challenge for www.systemdesignauthority.co.uk
Using the webroot path /var/www/html for all unmatched domains.
Waiting for verification...
Cleaning up challenges

- - - - - - - - - - - - - - - - - - - - - - - - - - - - - - - - - - - - - - - -
new certificate deployed without reload, fullchain is
/etc/letsencrypt/live/systemdesignauthority.co.uk/fullchain.pem
- - - - - - - - - - - - - - - - - - - - - - - - - - - - - - - - - - - - - - - -

- - - - - - - - - - - - - - - - - - - - - - - - - - - - - - - - - - - - - - - -
Congratulations, all simulated renewals succeeded: 
  /etc/letsencrypt/live/systemdesignauthority.co.uk/fullchain.pem (success)
- - - - - - - - - - - - - - - - - - - - - - - - - - - - - - - - - - - - - - - -
Killing webserver ... 
Killing webserver ... done
Total reclaimed space: 0B
